<?xml version="1.0" encoding="UTF-8"?>
<!-- Generated by org.testng.reporters.JUnitXMLReporter -->
<testsuite ignored="0" hostname="DESKTOP-TE15IH9" failures="5" tests="15" name="Automation Tests" time="136.451" errors="0" timestamp="2023-05-02T23:21:56 PDT">
  <testcase classname="reinsurance.qa.Testcases.LoginTest" name="verifyLoginWithValidCredentials" time="0.027">
    <skipped/>
  </testcase> <!-- verifyLoginWithValidCredentials -->
  <testcase classname="reinsurance.qa.Testcases.LoginTest" name="verifyLoginWithValidCredentials" time="0.003">
    <skipped/>
  </testcase> <!-- verifyLoginWithValidCredentials -->
  <testcase classname="reinsurance.qa.Testcases.LoginTest" name="verifyLoginWithValidCredentials" time="0.001">
    <failure type="java.lang.NullPointerException" message="Cannot invoke &amp;quot;reinsurance.qa.pageObjects.LoginPage.enterUserName(String)&amp;quot; because &amp;quot;this.loginPage&amp;quot; is null">
      <![CDATA[java.lang.NullPointerException: Cannot invoke "reinsurance.qa.pageObjects.LoginPage.enterUserName(String)" because "this.loginPage" is null
at reinsurance.qa.Testcases.LoginTest.verifyLoginWithValidCredentials(LoginTest.java:32)
at java.base/java.util.ArrayList.forEach(ArrayList.java:1511)
... Removed 27 stack frames]]>
    </failure>
  </testcase> <!-- verifyLoginWithValidCredentials -->
  <testcase classname="reinsurance.qa.Testcases.LoginTest" name="verifyLogInWithInvalidCredentials" time="0.002">
    <skipped/>
  </testcase> <!-- verifyLogInWithInvalidCredentials -->
  <testcase classname="reinsurance.qa.Testcases.LoginTest" name="verifyLogInWithInvalidCredentials" time="0.005">
    <skipped/>
  </testcase> <!-- verifyLogInWithInvalidCredentials -->
  <testcase classname="reinsurance.qa.Testcases.LoginTest" name="verifyLogInWithInvalidCredentials" time="0.001">
    <failure type="java.lang.NullPointerException" message="Cannot invoke &amp;quot;reinsurance.qa.pageObjects.LoginPage.enterUserName(String)&amp;quot; because &amp;quot;this.loginPage&amp;quot; is null">
      <![CDATA[java.lang.NullPointerException: Cannot invoke "reinsurance.qa.pageObjects.LoginPage.enterUserName(String)" because "this.loginPage" is null
at reinsurance.qa.Testcases.LoginTest.verifyLogInWithInvalidCredentials(LoginTest.java:44)
at java.base/java.util.ArrayList.forEach(ArrayList.java:1511)
... Removed 27 stack frames]]>
    </failure>
  </testcase> <!-- verifyLogInWithInvalidCredentials -->
  <testcase classname="reinsurance.qa.Testcases.LoginTest" name="verifyLogInWithInvalidUserNameValidPassword" time="0.001">
    <skipped/>
  </testcase> <!-- verifyLogInWithInvalidUserNameValidPassword -->
  <testcase classname="reinsurance.qa.Testcases.LoginTest" name="verifyLogInWithInvalidUserNameValidPassword" time="0.003">
    <skipped/>
  </testcase> <!-- verifyLogInWithInvalidUserNameValidPassword -->
  <testcase classname="reinsurance.qa.Testcases.LoginTest" name="verifyLogInWithInvalidUserNameValidPassword" time="0.001">
    <failure type="java.lang.NullPointerException" message="Cannot invoke &amp;quot;reinsurance.qa.pageObjects.LoginPage.enterUserName(String)&amp;quot; because &amp;quot;this.loginPage&amp;quot; is null">
      <![CDATA[java.lang.NullPointerException: Cannot invoke "reinsurance.qa.pageObjects.LoginPage.enterUserName(String)" because "this.loginPage" is null
at reinsurance.qa.Testcases.LoginTest.verifyLogInWithInvalidUserNameValidPassword(LoginTest.java:53)
at java.base/java.util.ArrayList.forEach(ArrayList.java:1511)
... Removed 27 stack frames]]>
    </failure>
  </testcase> <!-- verifyLogInWithInvalidUserNameValidPassword -->
  <testcase classname="reinsurance.qa.Testcases.LoginTest" name="verifyLogInWithValidUserNameInvalidPassword" time="0.004">
    <skipped/>
  </testcase> <!-- verifyLogInWithValidUserNameInvalidPassword -->
  <testcase classname="reinsurance.qa.Testcases.LoginTest" name="verifyLogInWithValidUserNameInvalidPassword" time="0.004">
    <skipped/>
  </testcase> <!-- verifyLogInWithValidUserNameInvalidPassword -->
  <testcase classname="reinsurance.qa.Testcases.LoginTest" name="verifyLogInWithValidUserNameInvalidPassword" time="0.002">
    <failure type="java.lang.NullPointerException" message="Cannot invoke &amp;quot;reinsurance.qa.pageObjects.LoginPage.enterUserName(String)&amp;quot; because &amp;quot;this.loginPage&amp;quot; is null">
      <![CDATA[java.lang.NullPointerException: Cannot invoke "reinsurance.qa.pageObjects.LoginPage.enterUserName(String)" because "this.loginPage" is null
at reinsurance.qa.Testcases.LoginTest.verifyLogInWithValidUserNameInvalidPassword(LoginTest.java:62)
at java.base/java.util.ArrayList.forEach(ArrayList.java:1511)
... Removed 27 stack frames]]>
    </failure>
  </testcase> <!-- verifyLogInWithValidUserNameInvalidPassword -->
  <testcase classname="reinsurance.qa.Testcases.LoginTest" name="verifyLogInWithBlankEmailandPassword" time="0.002">
    <skipped/>
  </testcase> <!-- verifyLogInWithBlankEmailandPassword -->
  <testcase classname="reinsurance.qa.Testcases.LoginTest" name="verifyLogInWithBlankEmailandPassword" time="0.001">
    <skipped/>
  </testcase> <!-- verifyLogInWithBlankEmailandPassword -->
  <testcase classname="reinsurance.qa.Testcases.LoginTest" name="verifyLogInWithBlankEmailandPassword" time="0.001">
    <failure type="java.lang.NullPointerException" message="Cannot invoke &amp;quot;reinsurance.qa.pageObjects.LoginPage.clickOnLoginButton()&amp;quot; because &amp;quot;this.loginPage&amp;quot; is null">
      <![CDATA[java.lang.NullPointerException: Cannot invoke "reinsurance.qa.pageObjects.LoginPage.clickOnLoginButton()" because "this.loginPage" is null
at reinsurance.qa.Testcases.LoginTest.verifyLogInWithBlankEmailandPassword(LoginTest.java:70)
at java.base/java.util.ArrayList.forEach(ArrayList.java:1511)
... Removed 27 stack frames]]>
    </failure>
  </testcase> <!-- verifyLogInWithBlankEmailandPassword -->
</testsuite> <!-- Automation Tests -->
