<?xml version="1.0" encoding="UTF-8"?>
<!-- Generated by org.testng.reporters.JUnitXMLReporter -->
<testsuite ignored="0" hostname="DESKTOP-TE15IH9" failures="0" tests="3" name="Default test" time="0.289" errors="0" timestamp="2024-12-01T10:26:18 IST">
  <testcase classname="SeleniumPractice1.RunAnotations" name="RegisterPageTest" time="0.089"/>
  <testcase classname="SeleniumPractice1.RunAnotations" name="SearchPageTest" time="0.007"/>
  <testcase classname="SeleniumPractice1.RunAnotations" name="loginTest" time="0.007"/>
</testsuite> <!-- Default test -->
