<?xml version="1.0" encoding="UTF-8"?>
<!-- Generated by org.testng.reporters.JUnitXMLReporter -->
<testsuite ignored="0" hostname="DESKTOP-TE15IH9" failures="2" tests="9" name="Automation Tests" time="160.996" errors="0" timestamp="2023-05-10T23:56:42 PDT">
  <testcase classname="reinsurance.qa.Testcases.LoginTest" name="verifyLoginWithValidCredentials" time="4.432">
    <skipped/>
  </testcase> <!-- verifyLoginWithValidCredentials -->
  <testcase classname="reinsurance.qa.Testcases.LoginTest" name="verifyLoginWithValidCredentials" time="4.421">
    <skipped/>
  </testcase> <!-- verifyLoginWithValidCredentials -->
  <testcase classname="reinsurance.qa.Testcases.LoginTest" name="verifyLoginWithValidCredentials" time="4.534">
    <failure type="java.lang.NullPointerException" message="Cannot invoke &amp;quot;reinsurance.qa.pageObjects.DashBoardPage.retriveDashboardName()&amp;quot; because &amp;quot;this.dashBoardPage&amp;quot; is null">
      <![CDATA[java.lang.NullPointerException: Cannot invoke "reinsurance.qa.pageObjects.DashBoardPage.retriveDashboardName()" because "this.dashBoardPage" is null
at reinsurance.qa.Testcases.LoginTest.verifyLoginWithValidCredentials(LoginTest.java:41)
at java.base/java.util.ArrayList.forEach(ArrayList.java:1511)
... Removed 31 stack frames]]>
    </failure>
  </testcase> <!-- verifyLoginWithValidCredentials -->
  <testcase classname="reinsurance.qa.Testcases.LoginTest" name="verifyLogInWithInvalidCredentials" time="2.429"/>
  <testcase classname="reinsurance.qa.Testcases.LoginTest" name="verifyLogInWithInvalidUserNameValidPassword" time="2.271"/>
  <testcase classname="reinsurance.qa.Testcases.LoginTest" name="verifyLogInWithValidUserNameInvalidPassword" time="2.52"/>
  <testcase classname="reinsurance.qa.Testcases.LoginTest" name="verifyLogInWithBlankEmailandPassword" time="0.131">
    <skipped/>
  </testcase> <!-- verifyLogInWithBlankEmailandPassword -->
  <testcase classname="reinsurance.qa.Testcases.LoginTest" name="verifyLogInWithBlankEmailandPassword" time="0.129">
    <skipped/>
  </testcase> <!-- verifyLogInWithBlankEmailandPassword -->
  <testcase classname="reinsurance.qa.Testcases.LoginTest" name="verifyLogInWithBlankEmailandPassword" time="0.186">
    <failure type="java.lang.AssertionError" message="null">
      <![CDATA[java.lang.AssertionError: null
at reinsurance.qa.Testcases.LoginTest.verifyLogInWithBlankEmailandPassword(LoginTest.java:77)
at java.base/java.util.ArrayList.forEach(ArrayList.java:1511)
... Removed 33 stack frames]]>
    </failure>
  </testcase> <!-- verifyLogInWithBlankEmailandPassword -->
</testsuite> <!-- Automation Tests -->
