<?xml version="1.0" encoding="UTF-8"?>
<testng-results ignored="0" total="3" passed="3" failed="0" skipped="0">
  <reporter-output>
  </reporter-output>
  <suite started-at="2024-12-01T10:26:17 IST" name="Default suite" finished-at="2024-12-01T10:26:18 IST" duration-ms="289">
    <groups>
    </groups>
    <test started-at="2024-12-01T10:26:17 IST" name="Default test" finished-at="2024-12-01T10:26:18 IST" duration-ms="289">
      <class name="SeleniumPractice1.RunAnotations">
        <test-method is-config="true" signature="setUp()[pri:0, instance:SeleniumPractice1.RunAnotations@106cc338]" started-at="2024-12-01T10:26:17 IST" name="setUp" finished-at="2024-12-01T10:26:18 IST" duration-ms="21" status="PASS">
          <reporter-output>
          </reporter-output>
        </test-method> <!-- setUp -->
        <test-method signature="RegisterPageTest()[pri:0, instance:SeleniumPractice1.RunAnotations@106cc338]" started-at="2024-12-01T10:26:18 IST" name="RegisterPageTest" finished-at="2024-12-01T10:26:18 IST" duration-ms="89" status="PASS">
          <reporter-output>
          </reporter-output>
        </test-method> <!-- RegisterPageTest -->
        <test-method signature="SearchPageTest()[pri:0, instance:SeleniumPractice1.RunAnotations@106cc338]" started-at="2024-12-01T10:26:18 IST" name="SearchPageTest" finished-at="2024-12-01T10:26:18 IST" duration-ms="7" status="PASS">
          <reporter-output>
          </reporter-output>
        </test-method> <!-- SearchPageTest -->
        <test-method signature="loginTest()[pri:0, instance:SeleniumPractice1.RunAnotations@106cc338]" started-at="2024-12-01T10:26:18 IST" name="loginTest" finished-at="2024-12-01T10:26:18 IST" duration-ms="7" status="PASS">
          <reporter-output>
          </reporter-output>
        </test-method> <!-- loginTest -->
        <test-method is-config="true" signature="tearDown()[pri:0, instance:SeleniumPractice1.RunAnotations@106cc338]" started-at="2024-12-01T10:26:18 IST" name="tearDown" finished-at="2024-12-01T10:26:18 IST" duration-ms="2" status="PASS">
          <reporter-output>
          </reporter-output>
        </test-method> <!-- tearDown -->
      </class> <!-- SeleniumPractice1.RunAnotations -->
    </test> <!-- Default test -->
  </suite> <!-- Default suite -->
</testng-results>
